c:\program files\fme\pluginbuilder\gpudb-connector-fme\kinetica\x64\release\vc140.pdb
c:\program files\fme\pluginbuilder\gpudb-connector-fme\kinetica\x64\release\kineticawriter.obj
c:\program files\fme\pluginbuilder\gpudb-connector-fme\kinetica\x64\release\kineticautil.obj
c:\program files\fme\pluginbuilder\gpudb-connector-fme\kinetica\x64\release\kineticareader.obj
c:\program files\fme\pluginbuilder\gpudb-connector-fme\kinetica\x64\release\kineticaentrypoints.obj
c:\program files\fme\pluginbuilder\gpudb-connector-fme\kinetica\x64\release\geometryvisitor.obj
c:\program files\fme\pluginbuilder\gpudb-connector-fme\kinetica\x64\release\fmestring.obj
c:\program files\fme\plugins\kinetica.lib
c:\program files\fme\plugins\kinetica.exp
c:\program files\fme\plugins\kinetica.dll
c:\program files\fme\plugins\kinetica.pdb
c:\program files\fme\pluginbuilder\gpudb-connector-fme\kinetica\x64\release\kinetica.res
c:\program files\fme\pluginbuilder\gpudb-connector-fme\kinetica\x64\release\dll_kinetica.tlog\cl.command.1.tlog
c:\program files\fme\pluginbuilder\gpudb-connector-fme\kinetica\x64\release\dll_kinetica.tlog\cl.read.1.tlog
c:\program files\fme\pluginbuilder\gpudb-connector-fme\kinetica\x64\release\dll_kinetica.tlog\cl.write.1.tlog
c:\program files\fme\pluginbuilder\gpudb-connector-fme\kinetica\x64\release\dll_kinetica.tlog\dll_kinetica.write.1u.tlog
c:\program files\fme\pluginbuilder\gpudb-connector-fme\kinetica\x64\release\dll_kinetica.tlog\link.command.1.tlog
c:\program files\fme\pluginbuilder\gpudb-connector-fme\kinetica\x64\release\dll_kinetica.tlog\link.read.1.tlog
c:\program files\fme\pluginbuilder\gpudb-connector-fme\kinetica\x64\release\dll_kinetica.tlog\link.write.1.tlog
c:\program files\fme\pluginbuilder\gpudb-connector-fme\kinetica\x64\release\dll_kinetica.tlog\rc.command.1.tlog
c:\program files\fme\pluginbuilder\gpudb-connector-fme\kinetica\x64\release\dll_kinetica.tlog\rc.read.1.tlog
c:\program files\fme\pluginbuilder\gpudb-connector-fme\kinetica\x64\release\dll_kinetica.tlog\rc.write.1.tlog
